[14-Jan-2025 12:19:34 UTC] PHP Fatal error:  Uncaught TypeError: call_user_func_array(): Argument #1 ($callback) must be a valid callback, class Theme_Preview_Generator does not have a method "handle_preview_image_upload" in C:\xampp\htdocs\wordpress\wp-includes\class-wp-hook.php:324
Stack trace:
#0 C:\xampp\htdocs\wordpress\wp-includes\class-wp-hook.php(348): WP_Hook->apply_filters('', Array)
#1 C:\xampp\htdocs\wordpress\wp-includes\plugin.php(517): WP_Hook->do_action(Array)
#2 C:\xampp\htdocs\wordpress\wp-admin\admin-ajax.php(192): do_action('wp_ajax_save_pr...')
#3 {main}
  thrown in C:\xampp\htdocs\wordpress\wp-includes\class-wp-hook.php on line 324
[14-Jan-2025 12:21:19 UTC] PHP Fatal error:  Uncaught TypeError: call_user_func_array(): Argument #1 ($callback) must be a valid callback, class Theme_Preview_Generator does not have a method "handle_preview_image_upload" in C:\xampp\htdocs\wordpress\wp-includes\class-wp-hook.php:324
Stack trace:
#0 C:\xampp\htdocs\wordpress\wp-includes\class-wp-hook.php(348): WP_Hook->apply_filters('', Array)
#1 C:\xampp\htdocs\wordpress\wp-includes\plugin.php(517): WP_Hook->do_action(Array)
#2 C:\xampp\htdocs\wordpress\wp-admin\admin-ajax.php(192): do_action('wp_ajax_save_pr...')
#3 {main}
  thrown in C:\xampp\htdocs\wordpress\wp-includes\class-wp-hook.php on line 324
[14-Jan-2025 12:22:04 UTC] PHP Fatal error:  Uncaught TypeError: call_user_func_array(): Argument #1 ($callback) must be a valid callback, class Theme_Preview_Generator does not have a method "handle_preview_image_upload" in C:\xampp\htdocs\wordpress\wp-includes\class-wp-hook.php:324
Stack trace:
#0 C:\xampp\htdocs\wordpress\wp-includes\class-wp-hook.php(348): WP_Hook->apply_filters('', Array)
#1 C:\xampp\htdocs\wordpress\wp-includes\plugin.php(517): WP_Hook->do_action(Array)
#2 C:\xampp\htdocs\wordpress\wp-admin\admin-ajax.php(192): do_action('wp_ajax_save_pr...')
#3 {main}
  thrown in C:\xampp\htdocs\wordpress\wp-includes\class-wp-hook.php on line 324
[14-Jan-2025 12:40:19 UTC] PHP Fatal error:  Uncaught TypeError: call_user_func_array(): Argument #1 ($callback) must be a valid callback, class Theme_Preview_Generator does not have a method "handle_preview_image_upload" in C:\xampp\htdocs\wordpress\wp-includes\class-wp-hook.php:324
Stack trace:
#0 C:\xampp\htdocs\wordpress\wp-includes\class-wp-hook.php(348): WP_Hook->apply_filters('', Array)
#1 C:\xampp\htdocs\wordpress\wp-includes\plugin.php(517): WP_Hook->do_action(Array)
#2 C:\xampp\htdocs\wordpress\wp-admin\admin-ajax.php(192): do_action('wp_ajax_save_pr...')
#3 {main}
  thrown in C:\xampp\htdocs\wordpress\wp-includes\class-wp-hook.php on line 324
[14-Jan-2025 12:42:15 UTC] PHP Fatal error:  Uncaught TypeError: call_user_func_array(): Argument #1 ($callback) must be a valid callback, class Theme_Preview_Generator does not have a method "handle_preview_image_upload" in C:\xampp\htdocs\wordpress\wp-includes\class-wp-hook.php:324
Stack trace:
#0 C:\xampp\htdocs\wordpress\wp-includes\class-wp-hook.php(348): WP_Hook->apply_filters('', Array)
#1 C:\xampp\htdocs\wordpress\wp-includes\plugin.php(517): WP_Hook->do_action(Array)
#2 C:\xampp\htdocs\wordpress\wp-admin\admin-ajax.php(192): do_action('wp_ajax_save_pr...')
#3 {main}
  thrown in C:\xampp\htdocs\wordpress\wp-includes\class-wp-hook.php on line 324
[14-Jan-2025 12:42:26 UTC] PHP Fatal error:  Uncaught TypeError: call_user_func_array(): Argument #1 ($callback) must be a valid callback, class Theme_Preview_Generator does not have a method "handle_preview_image_upload" in C:\xampp\htdocs\wordpress\wp-includes\class-wp-hook.php:324
Stack trace:
#0 C:\xampp\htdocs\wordpress\wp-includes\class-wp-hook.php(348): WP_Hook->apply_filters('', Array)
#1 C:\xampp\htdocs\wordpress\wp-includes\plugin.php(517): WP_Hook->do_action(Array)
#2 C:\xampp\htdocs\wordpress\wp-admin\admin-ajax.php(192): do_action('wp_ajax_save_pr...')
#3 {main}
  thrown in C:\xampp\htdocs\wordpress\wp-includes\class-wp-hook.php on line 324
[14-Jan-2025 12:43:33 UTC] PHP Fatal error:  Uncaught TypeError: call_user_func_array(): Argument #1 ($callback) must be a valid callback, class Theme_Preview_Generator does not have a method "handle_preview_image_upload" in C:\xampp\htdocs\wordpress\wp-includes\class-wp-hook.php:324
Stack trace:
#0 C:\xampp\htdocs\wordpress\wp-includes\class-wp-hook.php(348): WP_Hook->apply_filters('', Array)
#1 C:\xampp\htdocs\wordpress\wp-includes\plugin.php(517): WP_Hook->do_action(Array)
#2 C:\xampp\htdocs\wordpress\wp-admin\admin-ajax.php(192): do_action('wp_ajax_save_pr...')
#3 {main}
  thrown in C:\xampp\htdocs\wordpress\wp-includes\class-wp-hook.php on line 324
[14-Jan-2025 12:49:39 UTC] PHP Fatal error:  Uncaught TypeError: call_user_func_array(): Argument #1 ($callback) must be a valid callback, class Theme_Preview_Generator does not have a method "handle_preview_image_upload" in C:\xampp\htdocs\wordpress\wp-includes\class-wp-hook.php:324
Stack trace:
#0 C:\xampp\htdocs\wordpress\wp-includes\class-wp-hook.php(348): WP_Hook->apply_filters('', Array)
#1 C:\xampp\htdocs\wordpress\wp-includes\plugin.php(517): WP_Hook->do_action(Array)
#2 C:\xampp\htdocs\wordpress\wp-admin\admin-ajax.php(192): do_action('wp_ajax_save_pr...')
#3 {main}
  thrown in C:\xampp\htdocs\wordpress\wp-includes\class-wp-hook.php on line 324
[14-Jan-2025 12:53:23 UTC] PHP Fatal error:  Uncaught TypeError: call_user_func_array(): Argument #1 ($callback) must be a valid callback, class Theme_Preview_Generator does not have a method "handle_preview_image_upload" in C:\xampp\htdocs\wordpress\wp-includes\class-wp-hook.php:324
Stack trace:
#0 C:\xampp\htdocs\wordpress\wp-includes\class-wp-hook.php(348): WP_Hook->apply_filters('', Array)
#1 C:\xampp\htdocs\wordpress\wp-includes\plugin.php(517): WP_Hook->do_action(Array)
#2 C:\xampp\htdocs\wordpress\wp-admin\admin-ajax.php(192): do_action('wp_ajax_save_pr...')
#3 {main}
  thrown in C:\xampp\htdocs\wordpress\wp-includes\class-wp-hook.php on line 324
[14-Jan-2025 12:55:07 UTC] PHP Fatal error:  Uncaught TypeError: call_user_func_array(): Argument #1 ($callback) must be a valid callback, class Theme_Preview_Generator does not have a method "handle_preview_image_upload" in C:\xampp\htdocs\wordpress\wp-includes\class-wp-hook.php:324
Stack trace:
#0 C:\xampp\htdocs\wordpress\wp-includes\class-wp-hook.php(348): WP_Hook->apply_filters('', Array)
#1 C:\xampp\htdocs\wordpress\wp-includes\plugin.php(517): WP_Hook->do_action(Array)
#2 C:\xampp\htdocs\wordpress\wp-admin\admin-ajax.php(192): do_action('wp_ajax_save_pr...')
#3 {main}
  thrown in C:\xampp\htdocs\wordpress\wp-includes\class-wp-hook.php on line 324
[14-Jan-2025 12:59:14 UTC] PHP Fatal error:  Uncaught TypeError: call_user_func_array(): Argument #1 ($callback) must be a valid callback, class Theme_Preview_Generator does not have a method "handle_preview_image_upload" in C:\xampp\htdocs\wordpress\wp-includes\class-wp-hook.php:324
Stack trace:
#0 C:\xampp\htdocs\wordpress\wp-includes\class-wp-hook.php(348): WP_Hook->apply_filters('', Array)
#1 C:\xampp\htdocs\wordpress\wp-includes\plugin.php(517): WP_Hook->do_action(Array)
#2 C:\xampp\htdocs\wordpress\wp-admin\admin-ajax.php(192): do_action('wp_ajax_save_pr...')
#3 {main}
  thrown in C:\xampp\htdocs\wordpress\wp-includes\class-wp-hook.php on line 324
[14-Jan-2025 13:07:42 UTC] Image upload request received
[14-Jan-2025 13:07:42 UTC] File uploaded successfully: C:\xampp\htdocs\wordpress/wp-content/themes/variations/assets/images/user_pldj2u83r_1736853157519/Screenshot_25-10-2024_19310_.jpeg
[14-Jan-2025 13:12:16 UTC] PHP Fatal error:  Cannot redeclare Theme_Preview_Generator::add_admin_menu() in C:\xampp\htdocs\wordpress\wp-content\plugins\theme-preview-generator\theme-preview-generator.php on line 2618
[14-Jan-2025 13:12:29 UTC] PHP Fatal error:  Cannot redeclare Theme_Preview_Generator::add_admin_menu() in C:\xampp\htdocs\wordpress\wp-content\plugins\theme-preview-generator\theme-preview-generator.php on line 2618
[14-Jan-2025 13:14:17 UTC] PHP Fatal error:  Cannot redeclare Theme_Preview_Generator::add_admin_menu() in C:\xampp\htdocs\wordpress\wp-content\plugins\theme-preview-generator\theme-preview-generator.php on line 2619
[14-Jan-2025 13:14:30 UTC] PHP Fatal error:  Cannot redeclare Theme_Preview_Generator::add_admin_menu() in C:\xampp\htdocs\wordpress\wp-content\plugins\theme-preview-generator\theme-preview-generator.php on line 2619
[14-Jan-2025 13:15:32 UTC] PHP Fatal error:  Cannot redeclare Theme_Preview_Generator::add_admin_menu() in C:\xampp\htdocs\wordpress\wp-content\plugins\theme-preview-generator\theme-preview-generator.php on line 2619
[14-Jan-2025 13:15:34 UTC] PHP Fatal error:  Cannot redeclare Theme_Preview_Generator::add_admin_menu() in C:\xampp\htdocs\wordpress\wp-content\plugins\theme-preview-generator\theme-preview-generator.php on line 2619
[14-Jan-2025 13:15:36 UTC] PHP Fatal error:  Cannot redeclare Theme_Preview_Generator::add_admin_menu() in C:\xampp\htdocs\wordpress\wp-content\plugins\theme-preview-generator\theme-preview-generator.php on line 2619
[14-Jan-2025 13:15:38 UTC] PHP Fatal error:  Cannot redeclare Theme_Preview_Generator::add_admin_menu() in C:\xampp\htdocs\wordpress\wp-content\plugins\theme-preview-generator\theme-preview-generator.php on line 2619
[14-Jan-2025 13:15:39 UTC] PHP Fatal error:  Cannot redeclare Theme_Preview_Generator::add_admin_menu() in C:\xampp\htdocs\wordpress\wp-content\plugins\theme-preview-generator\theme-preview-generator.php on line 2619
[14-Jan-2025 13:15:41 UTC] PHP Fatal error:  Cannot redeclare Theme_Preview_Generator::add_admin_menu() in C:\xampp\htdocs\wordpress\wp-content\plugins\theme-preview-generator\theme-preview-generator.php on line 2619
[14-Jan-2025 13:15:44 UTC] PHP Fatal error:  Cannot redeclare Theme_Preview_Generator::add_admin_menu() in C:\xampp\htdocs\wordpress\wp-content\plugins\theme-preview-generator\theme-preview-generator.php on line 2619
[14-Jan-2025 13:15:50 UTC] PHP Fatal error:  Cannot redeclare Theme_Preview_Generator::add_admin_menu() in C:\xampp\htdocs\wordpress\wp-content\plugins\theme-preview-generator\theme-preview-generator.php on line 2619
[14-Jan-2025 13:15:50 UTC] PHP Fatal error:  Cannot redeclare Theme_Preview_Generator::add_admin_menu() in C:\xampp\htdocs\wordpress\wp-content\plugins\theme-preview-generator\theme-preview-generator.php on line 2619
[14-Jan-2025 13:15:56 UTC] PHP Fatal error:  Cannot redeclare Theme_Preview_Generator::add_admin_menu() in C:\xampp\htdocs\wordpress\wp-content\plugins\theme-preview-generator\theme-preview-generator.php on line 2619
[14-Jan-2025 13:15:58 UTC] PHP Fatal error:  Cannot redeclare Theme_Preview_Generator::add_admin_menu() in C:\xampp\htdocs\wordpress\wp-content\plugins\theme-preview-generator\theme-preview-generator.php on line 2619
[14-Jan-2025 13:16:31 UTC] PHP Fatal error:  Cannot redeclare Theme_Preview_Generator::add_admin_menu() in C:\xampp\htdocs\wordpress\wp-content\plugins\theme-preview-generator\theme-preview-generator.php on line 2619
[14-Jan-2025 13:29:54 UTC] PHP Deprecated:  Creation of dynamic property Theme_Preview_Generator::$original_theme is deprecated in C:\xampp\htdocs\wordpress\wp-content\plugins\theme-preview-generator\theme-preview-generator.php on line 335
[14-Jan-2025 13:38:02 UTC] Image upload request received
[14-Jan-2025 13:38:02 UTC] POST data: Array
(
    [action] => save_preview_image
    [nonce] => 524cbf6625
    [user_id] => user_pldj2u83r_1736853157519
    [theme_name] => variations
)

[14-Jan-2025 13:38:02 UTC] FILES data: Array
(
    [image] => Array
        (
            [name] => Screenshot_25-10-2024_19310_.jpeg
            [full_path] => Screenshot_25-10-2024_19310_.jpeg
            [type] => image/jpeg
            [tmp_name] => C:\xampp\tmp\php436B.tmp
            [error] => 0
            [size] => 85281
        )

)

[14-Jan-2025 13:38:04 UTC] Cloudinary upload failed: Invalid Signature 9b7a6398873035dfadead189df8071a752a76816. String to sign - 'public_id=theme_preview/variations/user_pldj2u83r_1736853157519/Screenshot_25-10-2024_19310_.jpeg&timestamp=1736861882'.
[14-Jan-2025 13:43:18 UTC] PHP Fatal error:  Uncaught TypeError: call_user_func_array(): Argument #1 ($callback) must be a valid callback, class Theme_Preview_Generator does not have a method "handle_get_cloudinary_credentials" in C:\xampp\htdocs\wordpress\wp-includes\class-wp-hook.php:324
Stack trace:
#0 C:\xampp\htdocs\wordpress\wp-includes\class-wp-hook.php(348): WP_Hook->apply_filters('', Array)
#1 C:\xampp\htdocs\wordpress\wp-includes\plugin.php(517): WP_Hook->do_action(Array)
#2 C:\xampp\htdocs\wordpress\wp-admin\admin-ajax.php(192): do_action('wp_ajax_get_clo...')
#3 {main}
  thrown in C:\xampp\htdocs\wordpress\wp-includes\class-wp-hook.php on line 324
[14-Jan-2025 13:47:24 UTC] PHP Fatal error:  Uncaught TypeError: call_user_func_array(): Argument #1 ($callback) must be a valid callback, class Theme_Preview_Generator does not have a method "handle_get_cloudinary_credentials" in C:\xampp\htdocs\wordpress\wp-includes\class-wp-hook.php:324
Stack trace:
#0 C:\xampp\htdocs\wordpress\wp-includes\class-wp-hook.php(348): WP_Hook->apply_filters('', Array)
#1 C:\xampp\htdocs\wordpress\wp-includes\plugin.php(517): WP_Hook->do_action(Array)
#2 C:\xampp\htdocs\wordpress\wp-admin\admin-ajax.php(192): do_action('wp_ajax_get_clo...')
#3 {main}
  thrown in C:\xampp\htdocs\wordpress\wp-includes\class-wp-hook.php on line 324
[14-Jan-2025 13:49:19 UTC] Using AJAX URL: http://localhost/wordpress/wp-admin/admin-ajax.php
[14-Jan-2025 13:49:29 UTC] PHP Fatal error:  Uncaught TypeError: call_user_func_array(): Argument #1 ($callback) must be a valid callback, class Theme_Preview_Generator does not have a method "handle_get_cloudinary_credentials" in C:\xampp\htdocs\wordpress\wp-includes\class-wp-hook.php:324
Stack trace:
#0 C:\xampp\htdocs\wordpress\wp-includes\class-wp-hook.php(348): WP_Hook->apply_filters('', Array)
#1 C:\xampp\htdocs\wordpress\wp-includes\plugin.php(517): WP_Hook->do_action(Array)
#2 C:\xampp\htdocs\wordpress\wp-admin\admin-ajax.php(192): do_action('wp_ajax_get_clo...')
#3 {main}
  thrown in C:\xampp\htdocs\wordpress\wp-includes\class-wp-hook.php on line 324
[14-Jan-2025 15:15:55 UTC] PHP Parse error:  syntax error, unexpected token ";", expecting "function" or "const" in C:\xampp\htdocs\wordpress\wp-content\plugins\theme-preview-generator\theme-preview-generator.php on line 1275
